Loading required package: MASS
Loading required package: survival
Loading required package: npsurv
Loading required package: lsei

Attaching package: 'shinydashboard'

The following object is masked from 'package:graphics':

    box


Attaching package: 'dplyr'

The following object is masked from 'package:MASS':

    select

The following objects are masked from 'package:stats':

    filter, lag

The following objects are masked from 'package:base':

    intersect, setdiff, setequal, union

Warning message:
package 'dplyr' was built under R version 3.5.2 

Attaching package: 'lubridate'

The following object is masked from 'package:base':

    date


Attaching package: 'jrvFinance'

The following object is masked from 'package:lubridate':

    duration


Attaching package: 'plotly'

The following object is masked from 'package:ggplot2':

    last_plot

The following object is masked from 'package:MASS':

    select

The following object is masked from 'package:stats':

    filter

The following object is masked from 'package:graphics':

    layout

Loading required package: numDeriv

Attaching package: 'alabama'

The following object is masked from 'package:nloptr':

    auglag


Attaching package: 'DT'

The following objects are masked from 'package:shiny':

    dataTableOutput, renderDataTable


Attaching package: 'rvest'

The following object is masked from 'package:readr':

    guess_encoding

Warning message:
package 'rvest' was built under R version 3.5.2 
[1] "No hubo operacion el dia "
[1] "022 18-06 "
[1] "No hubo operacion el dia "
[1] "022 14-06 "
[1] "No hubo operacion el dia "
[1] " 022 13-06"
[1] "No hubo operacion el dia "
[1] "022 12-06 "
[1] "No hubo operacion el dia "
[1] "022 11-06  "
[1] "No hubo operacion el dia "
[1] "022 10-06"
[1] "No hubo operacion el dia "
[1] "022 07-06  "
[1] "No hubo operacion el dia "
[1] "022 05-06 "
Warning message:
`data_frame()` is deprecated, use `tibble()`.
This warning is displayed once per session. 
Loading required package: MASS
Loading required package: survival
Loading required package: npsurv
Loading required package: lsei

Attaching package: 'shinydashboard'

The following object is masked from 'package:graphics':

    box


Attaching package: 'dplyr'

The following object is masked from 'package:MASS':

    select

The following objects are masked from 'package:stats':

    filter, lag

The following objects are masked from 'package:base':

    intersect, setdiff, setequal, union

Warning message:
package 'dplyr' was built under R version 3.5.2 

Attaching package: 'lubridate'

The following object is masked from 'package:base':

    date


Attaching package: 'jrvFinance'

The following object is masked from 'package:lubridate':

    duration


Attaching package: 'plotly'

The following object is masked from 'package:ggplot2':

    last_plot

The following object is masked from 'package:MASS':

    select

The following object is masked from 'package:stats':

    filter

The following object is masked from 'package:graphics':

    layout

Loading required package: numDeriv

Attaching package: 'alabama'

The following object is masked from 'package:nloptr':

    auglag


Attaching package: 'DT'

The following objects are masked from 'package:shiny':

    dataTableOutput, renderDataTable


Attaching package: 'rvest'

The following object is masked from 'package:readr':

    guess_encoding

Warning message:
package 'rvest' was built under R version 3.5.2 
[1] "No hubo operacion el dia "
[1] "022 18-06 "
[1] "No hubo operacion el dia "
[1] "022 14-06 "
[1] "No hubo operacion el dia "
[1] " 022 13-06"
[1] "No hubo operacion el dia "
[1] "022 12-06 "
[1] "No hubo operacion el dia "
[1] "022 11-06  "
[1] "No hubo operacion el dia "
[1] "022 10-06"
[1] "No hubo operacion el dia "
[1] "022 07-06  "
[1] "No hubo operacion el dia "
[1] "022 05-06 "
Warning message:
`data_frame()` is deprecated, use `tibble()`.
This warning is displayed once per session. 
Loading required package: MASS
Loading required package: survival
Loading required package: npsurv
Loading required package: lsei

Attaching package: 'shinydashboard'

The following object is masked from 'package:graphics':

    box


Attaching package: 'dplyr'

The following object is masked from 'package:MASS':

    select

The following objects are masked from 'package:stats':

    filter, lag

The following objects are masked from 'package:base':

    intersect, setdiff, setequal, union

Warning message:
package 'dplyr' was built under R version 3.5.2 

Attaching package: 'lubridate'

The following object is masked from 'package:base':

    date


Attaching package: 'jrvFinance'

The following object is masked from 'package:lubridate':

    duration


Attaching package: 'plotly'

The following object is masked from 'package:ggplot2':

    last_plot

The following object is masked from 'package:MASS':

    select

The following object is masked from 'package:stats':

    filter

The following object is masked from 'package:graphics':

    layout

Loading required package: numDeriv

Attaching package: 'alabama'

The following object is masked from 'package:nloptr':

    auglag


Attaching package: 'DT'

The following objects are masked from 'package:shiny':

    dataTableOutput, renderDataTable


Attaching package: 'rvest'

The following object is masked from 'package:readr':

    guess_encoding

Warning message:
package 'rvest' was built under R version 3.5.2 
[1] "No hubo operacion el dia "
[1] "022 19-06  "
[1] "No hubo operacion el dia "
[1] "022 18-06 "
[1] "No hubo operacion el dia "
[1] "022 14-06 "
[1] "No hubo operacion el dia "
[1] " 022 13-06"
[1] "No hubo operacion el dia "
[1] "022 12-06 "
[1] "No hubo operacion el dia "
[1] "022 11-06  "
[1] "No hubo operacion el dia "
[1] "022 10-06"
[1] "No hubo operacion el dia "
[1] "022 07-06  "
[1] "No hubo operacion el dia "
[1] "022 05-06 "
Warning message:
`data_frame()` is deprecated, use `tibble()`.
This warning is displayed once per session. 
Loading required package: MASS
Loading required package: survival
Loading required package: npsurv
Loading required package: lsei

Attaching package: 'shinydashboard'

The following object is masked from 'package:graphics':

    box


Attaching package: 'dplyr'

The following object is masked from 'package:MASS':

    select

The following objects are masked from 'package:stats':

    filter, lag

The following objects are masked from 'package:base':

    intersect, setdiff, setequal, union

Warning message:
package 'dplyr' was built under R version 3.5.2 

Attaching package: 'lubridate'

The following object is masked from 'package:base':

    date


Attaching package: 'jrvFinance'

The following object is masked from 'package:lubridate':

    duration


Attaching package: 'plotly'

The following object is masked from 'package:ggplot2':

    last_plot

The following object is masked from 'package:MASS':

    select

The following object is masked from 'package:stats':

    filter

The following object is masked from 'package:graphics':

    layout

Loading required package: numDeriv

Attaching package: 'alabama'

The following object is masked from 'package:nloptr':

    auglag


Attaching package: 'DT'

The following objects are masked from 'package:shiny':

    dataTableOutput, renderDataTable


Attaching package: 'rvest'

The following object is masked from 'package:readr':

    guess_encoding

Warning message:
package 'rvest' was built under R version 3.5.2 
[1] "No hubo operacion el dia "
[1] "022 19-06  "
[1] "No hubo operacion el dia "
[1] "022 18-06 "
[1] "No hubo operacion el dia "
[1] "022 14-06 "
[1] "No hubo operacion el dia "
[1] " 022 13-06"
[1] "No hubo operacion el dia "
[1] "022 12-06 "
[1] "No hubo operacion el dia "
[1] "022 11-06  "
[1] "No hubo operacion el dia "
[1] "022 10-06"
[1] "No hubo operacion el dia "
[1] "022 07-06  "
[1] "No hubo operacion el dia "
[1] "022 05-06 "
Warning message:
`data_frame()` is deprecated, use `tibble()`.
This warning is displayed once per session. 
Loading required package: MASS
Loading required package: survival
Loading required package: npsurv
Loading required package: lsei

Attaching package: 'shinydashboard'

The following object is masked from 'package:graphics':

    box


Attaching package: 'dplyr'

The following object is masked from 'package:MASS':

    select

The following objects are masked from 'package:stats':

    filter, lag

The following objects are masked from 'package:base':

    intersect, setdiff, setequal, union

Warning message:
package 'dplyr' was built under R version 3.5.2 

Attaching package: 'lubridate'

The following object is masked from 'package:base':

    date


Attaching package: 'jrvFinance'

The following object is masked from 'package:lubridate':

    duration


Attaching package: 'plotly'

The following object is masked from 'package:ggplot2':

    last_plot

The following object is masked from 'package:MASS':

    select

The following object is masked from 'package:stats':

    filter

The following object is masked from 'package:graphics':

    layout

Loading required package: numDeriv

Attaching package: 'alabama'

The following object is masked from 'package:nloptr':

    auglag


Attaching package: 'DT'

The following objects are masked from 'package:shiny':

    dataTableOutput, renderDataTable


Attaching package: 'rvest'

The following object is masked from 'package:readr':

    guess_encoding

Warning message:
package 'rvest' was built under R version 3.5.2 
probando la URL 'http://www.bcv.org.ve/sites/default/files/EstadisticasGeneral/resumersec_0619.xls'
Content type 'application/vnd.ms-excel' length 256512 bytes (250 KB)
==================================================
downloaded 250 KB

Warning message:
`data_frame()` is deprecated, use `tibble()`.
This warning is displayed once per session. 
Error in download.file(url = ruta_bcv("caracteristicas"), destfile = paste(getwd(),  : 
  argumento 'url' inv'alido
Ejecuci'on interrumpida
Loading required package: MASS
Loading required package: survival
Loading required package: npsurv
Loading required package: lsei

Attaching package: 'shinydashboard'

The following object is masked from 'package:graphics':

    box


Attaching package: 'dplyr'

The following object is masked from 'package:MASS':

    select

The following objects are masked from 'package:stats':

    filter, lag

The following objects are masked from 'package:base':

    intersect, setdiff, setequal, union

Warning message:
package 'dplyr' was built under R version 3.5.2 

Attaching package: 'lubridate'

The following object is masked from 'package:base':

    date


Attaching package: 'jrvFinance'

The following object is masked from 'package:lubridate':

    duration


Attaching package: 'plotly'

The following object is masked from 'package:ggplot2':

    last_plot

The following object is masked from 'package:MASS':

    select

The following object is masked from 'package:stats':

    filter

The following object is masked from 'package:graphics':

    layout

Loading required package: numDeriv

Attaching package: 'alabama'

The following object is masked from 'package:nloptr':

    auglag


Attaching package: 'DT'

The following objects are masked from 'package:shiny':

    dataTableOutput, renderDataTable


Attaching package: 'rvest'

The following object is masked from 'package:readr':

    guess_encoding

Warning message:
package 'rvest' was built under R version 3.5.2 
probando la URL 'http://www.bcv.org.ve/sites/default/files/EstadisticasGeneral/resumersec_0619.xls'
Content type 'application/vnd.ms-excel' length 256512 bytes (250 KB)
==================================================
downloaded 250 KB

Warning message:
`data_frame()` is deprecated, use `tibble()`.
This warning is displayed once per session. 
Error in download.file(url = ruta_bcv("caracteristicas"), destfile = paste(getwd(),  : 
  argumento 'url' inv'alido
Ejecuci'on interrumpida
Loading required package: MASS
Loading required package: survival
Loading required package: npsurv
Loading required package: lsei

Attaching package: 'shinydashboard'

The following object is masked from 'package:graphics':

    box


Attaching package: 'dplyr'

The following object is masked from 'package:MASS':

    select

The following objects are masked from 'package:stats':

    filter, lag

The following objects are masked from 'package:base':

    intersect, setdiff, setequal, union

Warning message:
package 'dplyr' was built under R version 3.5.2 

Attaching package: 'lubridate'

The following object is masked from 'package:base':

    date


Attaching package: 'jrvFinance'

The following object is masked from 'package:lubridate':

    duration


Attaching package: 'plotly'

The following object is masked from 'package:ggplot2':

    last_plot

The following object is masked from 'package:MASS':

    select

The following object is masked from 'package:stats':

    filter

The following object is masked from 'package:graphics':

    layout

Loading required package: numDeriv

Attaching package: 'alabama'

The following object is masked from 'package:nloptr':

    auglag


Attaching package: 'DT'

The following objects are masked from 'package:shiny':

    dataTableOutput, renderDataTable


Attaching package: 'rvest'

The following object is masked from 'package:readr':

    guess_encoding

Warning message:
package 'rvest' was built under R version 3.5.2 
Error in download.file(url = ruta_bcv("caracteristicas"), destfile = paste(getwd(),  : 
  argumento 'url' inv'alido
Ejecuci'on interrumpida
